c:\users\jvnpe\downloads\dx9_template\dx9_template\build\release\obj\vc143.pdb
c:\users\jvnpe\downloads\dx9_template\dx9_template\build\release\obj\hooks.obj
c:\users\jvnpe\downloads\dx9_template\dx9_template\build\release\obj\gui.obj
c:\users\jvnpe\downloads\dx9_template\dx9_template\build\release\obj\entry.obj
c:\users\jvnpe\downloads\dx9_template\dx9_template\build\release\obj\d3d9_drawing.obj
c:\users\jvnpe\downloads\dx9_template\dx9_template\build\release\obj\d3d9_device.obj
c:\users\jvnpe\downloads\dx9_template\dx9_template\build\release\obj\imgui_widgets.obj
c:\users\jvnpe\downloads\dx9_template\dx9_template\build\release\obj\imgui_tables.obj
c:\users\jvnpe\downloads\dx9_template\dx9_template\build\release\obj\imgui_impl_win32.obj
c:\users\jvnpe\downloads\dx9_template\dx9_template\build\release\obj\imgui_impl_dx9.obj
c:\users\jvnpe\downloads\dx9_template\dx9_template\build\release\obj\imgui_draw.obj
c:\users\jvnpe\downloads\dx9_template\dx9_template\build\release\obj\imgui_demo.obj
c:\users\jvnpe\downloads\dx9_template\dx9_template\build\release\obj\imgui.obj
c:\users\jvnpe\downloads\dx9_template\dx9_template\build\release\bin\dx9_template.dll
c:\users\jvnpe\downloads\dx9_template\dx9_template\build\release\bin\dx9_template.pdb
c:\users\jvnpe\downloads\dx9_template\dx9_template\build\release\obj\dx9_template.ipdb
c:\users\jvnpe\downloads\dx9_template\dx9_template\build\release\obj\dx9_template.iobj
c:\users\jvnpe\downloads\dx9_template\dx9_template\build\release\obj\dx9_template.vcxproj.filelistabsolute.txt
c:\users\jvnpe\downloads\dx9_template\dx9_template\build\release\obj\dx9_template.tlog\cl.command.1.tlog
c:\users\jvnpe\downloads\dx9_template\dx9_template\build\release\obj\dx9_template.tlog\cl.items.tlog
c:\users\jvnpe\downloads\dx9_template\dx9_template\build\release\obj\dx9_template.tlog\cl.read.1.tlog
c:\users\jvnpe\downloads\dx9_template\dx9_template\build\release\obj\dx9_template.tlog\cl.write.1.tlog
c:\users\jvnpe\downloads\dx9_template\dx9_template\build\release\obj\dx9_template.tlog\link.command.1.tlog
c:\users\jvnpe\downloads\dx9_template\dx9_template\build\release\obj\dx9_template.tlog\link.read.1.tlog
c:\users\jvnpe\downloads\dx9_template\dx9_template\build\release\obj\dx9_template.tlog\link.secondary.1.tlog
c:\users\jvnpe\downloads\dx9_template\dx9_template\build\release\obj\dx9_template.tlog\link.write.1.tlog
